<?xml version="1.0" encoding="UTF-8"?>
<!-- Generated by org.testng.reporters.JUnitReportReporter -->
<testsuite skipped="0" hostname="LAPTOP-5DJJOLUQ" name="com.simplilearn.demo.NewTest" tests="1" failures="0" timestamp="2022-04-19T11:55:36 IST" time="0.000" errors="0">
  <testcase name="NewFunction" time="0.000" classname="com.simplilearn.demo.NewTest"/>
  <system-out/>
</testsuite> <!-- com.simplilearn.demo.NewTest -->
