<?xml version="1.0" encoding="UTF-8"?>
<!-- Generated by org.testng.reporters.JUnitReportReporter -->
<testsuite hostname="LAPTOP-5DJJOLUQ" failures="0" tests="4" name="com.simplilearn.demo.ParallelTests" time="12.537" errors="0" timestamp="2022-04-14T16:41:59 IST" skipped="2">
  <testcase classname="com.simplilearn.demo.ParallelTests" name="LaunchChrome" time="12.010"/>
  <system-out/>
  <testcase classname="com.simplilearn.demo.ParallelTests" name="TryFacebook" time="0.527"/>
  <system-out/>
  <testcase classname="com.simplilearn.demo.ParallelTests" name="LaunchFirfox">
    <skipped/>
  </testcase> <!-- LaunchFirfox -->
  <system-out/>
  <testcase classname="com.simplilearn.demo.ParallelTests" name="TryFacebook2">
    <skipped/>
  </testcase> <!-- TryFacebook2 -->
  <system-out/>
</testsuite> <!-- com.simplilearn.demo.ParallelTests -->
