<?xml version="1.0" encoding="UTF-8"?>
<!-- Generated by org.testng.reporters.JUnitReportReporter -->
<testsuite hostname="LAPTOP-5DJJOLUQ" failures="0" tests="1" name="com.simplilearn.demo.NewTest" time="0.007" errors="0" timestamp="2022-04-13T15:57:20 IST" skipped="0">
  <testcase classname="com.simplilearn.demo.NewTest" name="NewFunction" time="0.007"/>
  <system-out/>
</testsuite> <!-- com.simplilearn.demo.NewTest -->
